I, [2014-11-29T13:56:38.740456 #72931]  INFO -- Kitchen: -----> Starting Kitchen (v1.2.1)
E, [2014-11-29T13:56:38.740762 #72931] ERROR -- Kitchen: ------Exception-------
E, [2014-11-29T13:56:38.740814 #72931] ERROR -- Kitchen: Class: Kitchen::UserError
E, [2014-11-29T13:56:38.740837 #72931] ERROR -- Kitchen: Message: Kitchen YAML file /Users/dsk/workspace/Infrastructure/Cerezo/.kitchen.yml does not exist.
E, [2014-11-29T13:56:38.740853 #72931] ERROR -- Kitchen: ------Backtrace-------
E, [2014-11-29T13:56:38.740875 #72931] ERROR -- Kitchen: /Users/dsk/.rbenv/versions/2.1.4/lib/ruby/gems/2.1.0/gems/test-kitchen-1.2.1/lib/kitchen/loader/yaml.rb:74:in `read'
E, [2014-11-29T13:56:38.740915 #72931] ERROR -- Kitchen: /Users/dsk/.rbenv/versions/2.1.4/lib/ruby/gems/2.1.0/gems/test-kitchen-1.2.1/lib/kitchen/config.rb:78:in `data'
E, [2014-11-29T13:56:38.740939 #72931] ERROR -- Kitchen: /Users/dsk/.rbenv/versions/2.1.4/lib/ruby/gems/2.1.0/gems/test-kitchen-1.2.1/lib/kitchen/config.rb:66:in `suites'
E, [2014-11-29T13:56:38.740952 #72931] ERROR -- Kitchen: /Users/dsk/.rbenv/versions/2.1.4/lib/ruby/gems/2.1.0/gems/test-kitchen-1.2.1/lib/kitchen/config.rb:90:in `filter_instances'
E, [2014-11-29T13:56:38.740981 #72931] ERROR -- Kitchen: /Users/dsk/.rbenv/versions/2.1.4/lib/ruby/gems/2.1.0/gems/test-kitchen-1.2.1/lib/kitchen/config.rb:72:in `build_instances'
E, [2014-11-29T13:56:38.741014 #72931] ERROR -- Kitchen: /Users/dsk/.rbenv/versions/2.1.4/lib/ruby/gems/2.1.0/gems/test-kitchen-1.2.1/lib/kitchen/config.rb:52:in `instances'
E, [2014-11-29T13:56:38.741031 #72931] ERROR -- Kitchen: /Users/dsk/.rbenv/versions/2.1.4/lib/ruby/gems/2.1.0/gems/test-kitchen-1.2.1/lib/kitchen/command.rb:64:in `get_filtered_instances'
E, [2014-11-29T13:56:38.741044 #72931] ERROR -- Kitchen: /Users/dsk/.rbenv/versions/2.1.4/lib/ruby/gems/2.1.0/gems/test-kitchen-1.2.1/lib/kitchen/command.rb:85:in `parse_subcommand'
E, [2014-11-29T13:56:38.741056 #72931] ERROR -- Kitchen: /Users/dsk/.rbenv/versions/2.1.4/lib/ruby/gems/2.1.0/gems/test-kitchen-1.2.1/lib/kitchen/command/test.rb:42:in `block in call'
E, [2014-11-29T13:56:38.741068 #72931] ERROR -- Kitchen: /Users/dsk/.rbenv/versions/2.1.4/lib/ruby/2.1.0/benchmark.rb:279:in `measure'
E, [2014-11-29T13:56:38.741080 #72931] ERROR -- Kitchen: /Users/dsk/.rbenv/versions/2.1.4/lib/ruby/gems/2.1.0/gems/test-kitchen-1.2.1/lib/kitchen/command/test.rb:40:in `call'
E, [2014-11-29T13:56:38.741091 #72931] ERROR -- Kitchen: /Users/dsk/.rbenv/versions/2.1.4/lib/ruby/gems/2.1.0/gems/test-kitchen-1.2.1/lib/kitchen/cli.rb:47:in `perform'
E, [2014-11-29T13:56:38.741103 #72931] ERROR -- Kitchen: /Users/dsk/.rbenv/versions/2.1.4/lib/ruby/gems/2.1.0/gems/test-kitchen-1.2.1/lib/kitchen/cli.rb:153:in `test'
E, [2014-11-29T13:56:38.741114 #72931] ERROR -- Kitchen: /Users/dsk/.rbenv/versions/2.1.4/lib/ruby/gems/2.1.0/gems/thor-0.19.1/lib/thor/command.rb:27:in `run'
E, [2014-11-29T13:56:38.741125 #72931] ERROR -- Kitchen: /Users/dsk/.rbenv/versions/2.1.4/lib/ruby/gems/2.1.0/gems/thor-0.19.1/lib/thor/invocation.rb:126:in `invoke_command'
E, [2014-11-29T13:56:38.741137 #72931] ERROR -- Kitchen: /Users/dsk/.rbenv/versions/2.1.4/lib/ruby/gems/2.1.0/gems/test-kitchen-1.2.1/lib/kitchen/cli.rb:233:in `invoke_task'
E, [2014-11-29T13:56:38.741148 #72931] ERROR -- Kitchen: /Users/dsk/.rbenv/versions/2.1.4/lib/ruby/gems/2.1.0/gems/thor-0.19.1/lib/thor.rb:359:in `dispatch'
E, [2014-11-29T13:56:38.741159 #72931] ERROR -- Kitchen: /Users/dsk/.rbenv/versions/2.1.4/lib/ruby/gems/2.1.0/gems/thor-0.19.1/lib/thor/base.rb:440:in `start'
E, [2014-11-29T13:56:38.741171 #72931] ERROR -- Kitchen: /Users/dsk/.rbenv/versions/2.1.4/lib/ruby/gems/2.1.0/gems/test-kitchen-1.2.1/bin/kitchen:13:in `block in <top (required)>'
E, [2014-11-29T13:56:38.741182 #72931] ERROR -- Kitchen: /Users/dsk/.rbenv/versions/2.1.4/lib/ruby/gems/2.1.0/gems/test-kitchen-1.2.1/lib/kitchen/errors.rb:81:in `with_friendly_errors'
E, [2014-11-29T13:56:38.741214 #72931] ERROR -- Kitchen: /Users/dsk/.rbenv/versions/2.1.4/lib/ruby/gems/2.1.0/gems/test-kitchen-1.2.1/bin/kitchen:13:in `<top (required)>'
E, [2014-11-29T13:56:38.741237 #72931] ERROR -- Kitchen: /Users/dsk/.rbenv/versions/2.1.4/bin/kitchen:23:in `load'
E, [2014-11-29T13:56:38.741250 #72931] ERROR -- Kitchen: /Users/dsk/.rbenv/versions/2.1.4/bin/kitchen:23:in `<main>'
E, [2014-11-29T13:56:38.741261 #72931] ERROR -- Kitchen: ----------------------
I, [2014-11-29T13:57:18.593100 #72992]  INFO -- Kitchen: -----> Starting Kitchen (v1.2.1)
I, [2014-11-29T13:57:19.484949 #72992]  INFO -- Kitchen: -----> Cleaning up any prior instances of <default-centos-65>
I, [2014-11-29T13:57:19.485101 #72992]  INFO -- Kitchen: -----> Destroying <default-centos-65>...
I, [2014-11-29T13:57:19.487270 #72992]  INFO -- Kitchen: -----> Testing <default-centos-65>
I, [2014-11-29T13:57:19.487399 #72992]  INFO -- Kitchen: -----> Creating <default-centos-65>...
I, [2014-11-29T13:58:02.748079 #72992]  INFO -- Kitchen: -----> Converging <default-centos-65>...
I, [2014-11-29T14:00:46.224820 #73149]  INFO -- Kitchen: -----> Starting Kitchen (v1.2.1)
I, [2014-11-29T14:00:46.753237 #73149]  INFO -- Kitchen: -----> Cleaning up any prior instances of <default-centos-65>
I, [2014-11-29T14:00:46.753651 #73149]  INFO -- Kitchen: -----> Destroying <default-centos-65>...
I, [2014-11-29T14:00:50.331678 #73149]  INFO -- Kitchen: -----> Testing <default-centos-65>
I, [2014-11-29T14:00:50.331890 #73149]  INFO -- Kitchen: -----> Creating <default-centos-65>...
I, [2014-11-29T14:01:34.020417 #73149]  INFO -- Kitchen: -----> Converging <default-centos-65>...
I, [2014-11-29T14:16:01.745327 #73149]  INFO -- Kitchen: -----> Setting up <default-centos-65>...
I, [2014-11-29T14:17:07.101388 #73149]  INFO -- Kitchen: -----> Verifying <default-centos-65>...
I, [2014-11-29T14:17:46.465994 #73149]  INFO -- Kitchen: -----> Destroying <default-centos-65>...
I, [2014-11-29T14:17:50.633490 #73149]  INFO -- Kitchen: -----> Kitchen is finished. (17m4.41s)
